0 info it worked if it ends with ok
1 verbose cli [ 'C:\\Program Files\\nodejs\\\\node.exe',
1 verbose cli   'C:\\Program Files\\nodejs\\node_modules\\npm\\bin\\npm-cli.js',
1 verbose cli   'install',
1 verbose cli   'client-backfire',
1 verbose cli   '--save-dev' ]
2 info using npm@1.4.9
3 info using node@v0.10.28
4 verbose node symlink C:\Program Files\nodejs\\node.exe
5 warn package.json chapter1@0.0.0 No repository field.
6 verbose readDependencies using package.json deps
7 verbose cache add [ 'client-backfire', null ]
8 verbose cache add name=undefined spec="client-backfire" args=["client-backfire",null]
9 verbose parsed url { protocol: null,
9 verbose parsed url   slashes: null,
9 verbose parsed url   auth: null,
9 verbose parsed url   host: null,
9 verbose parsed url   port: null,
9 verbose parsed url   hostname: null,
9 verbose parsed url   hash: null,
9 verbose parsed url   search: null,
9 verbose parsed url   query: null,
9 verbose parsed url   pathname: 'client-backfire',
9 verbose parsed url   path: 'client-backfire',
9 verbose parsed url   href: 'client-backfire' }
10 silly lockFile 794c6f5b-client-backfire client-backfire
11 verbose lock client-backfire C:\Users\AdmiN\AppData\Roaming\npm-cache\794c6f5b-client-backfire.lock
12 silly lockFile 794c6f5b-client-backfire client-backfire
13 silly lockFile 794c6f5b-client-backfire client-backfire
14 verbose addNamed [ 'client-backfire', '' ]
15 verbose addNamed [ null, '*' ]
16 silly lockFile 904cd696-client-backfire client-backfire@
17 verbose lock client-backfire@ C:\Users\AdmiN\AppData\Roaming\npm-cache\904cd696-client-backfire.lock
18 silly addNameRange { name: 'client-backfire', range: '*', hasData: false }
19 verbose url raw client-backfire
20 verbose url resolving [ 'https://registry.npmjs.org/', './client-backfire' ]
21 verbose url resolved https://registry.npmjs.org/client-backfire
22 info trying registry request attempt 1 at 17:39:20
23 http GET https://registry.npmjs.org/client-backfire
24 http 404 https://registry.npmjs.org/client-backfire
25 silly registry.get cb [ 404,
25 silly registry.get   { server: 'CouchDB/1.5.0 (Erlang OTP/R16B03)',
25 silly registry.get     etag: '"EC0BV5U5X93A0TSVIIVESE3BJ"',
25 silly registry.get     'content-type': 'application/json',
25 silly registry.get     'cache-control': 'max-age=0',
25 silly registry.get     'content-length': '525',
25 silly registry.get     'accept-ranges': 'bytes',
25 silly registry.get     date: 'Sun, 12 Jul 2015 14:39:20 GMT',
25 silly registry.get     via: '1.1 varnish',
25 silly registry.get     age: '0',
25 silly registry.get     connection: 'keep-alive',
25 silly registry.get     'x-served-by': 'cache-fra1248-FRA',
25 silly registry.get     'x-cache': 'MISS',
25 silly registry.get     'x-cache-hits': '0',
25 silly registry.get     'x-timer': 'S1436711960.223212,VS0,VE697',
25 silly registry.get     vary: 'Accept' } ]
26 silly lockFile 904cd696-client-backfire client-backfire@
27 silly lockFile 904cd696-client-backfire client-backfire@
28 error 404 Not Found
28 error 404
28 error 404 'client-backfire' is not in the npm registry.
28 error 404 You should bug the author to publish it
28 error 404 It was specified as a dependency of 'chapter1'
28 error 404
28 error 404 Note that you can also install from a
28 error 404 tarball, folder, or http url, or git url.
29 error System Windows_NT 6.1.7601
30 error command "C:\\Program Files\\nodejs\\\\node.exe" "C:\\Program Files\\nodejs\\node_modules\\npm\\bin\\npm-cli.js" "install" "client-backfire" "--save-dev"
31 error cwd f:\Other\Computer\GIT_LOCAL_REPO\backbone\full-stack\chapter7
32 error node -v v0.10.28
33 error npm -v 1.4.9
34 error code E404
35 verbose exit [ 1, true ]
